[ 2017-11-28T17:01:49+08:00 ] ::1 /julei-11-28/index.php/Home/Blast/Blast.html
INFO: [ app_init ] --START--
INFO: Run Behavior\BuildLiteBehavior [ RunTime:0.000036s ]
INFO: [ app_init ] --END-- [ RunTime:0.000711s ]
INFO: [ app_begin ] --START--
INFO: Run Behavior\ReadHtmlCacheBehavior [ RunTime:0.000943s ]
INFO: [ app_begin ] --END-- [ RunTime:0.001116s ]
INFO: [ view_parse ] --START--
INFO: [ template_filter ] --START--
INFO: Run Behavior\ContentReplaceBehavior [ RunTime:0.000724s ]
INFO: [ template_filter ] --END-- [ RunTime:0.000922s ]
INFO: Run Behavior\ParseTemplateBehavior [ RunTime:0.101351s ]
INFO: [ view_parse ] --END-- [ RunTime:0.101531s ]
INFO: [ view_filter ] --START--
INFO: Run Behavior\WriteHtmlCacheBehavior [ RunTime:0.000779s ]
INFO: [ view_filter ] --END-- [ RunTime:0.001000s ]
INFO: [ app_end ] --START--
INFO: Run Behavior\ShowPageTraceBehavior [ RunTime:0.001043s ]
INFO: [ app_end ] --END-- [ RunTime:0.001222s ]

[ 2017-11-28T17:13:30+08:00 ] ::1 /julei-11-28/index.php/Home/Blast/Blast.html
INFO: [ app_init ] --START--
INFO: Run Behavior\BuildLiteBehavior [ RunTime:0.000036s ]
INFO: [ app_init ] --END-- [ RunTime:0.000762s ]
INFO: [ app_begin ] --START--
INFO: Run Behavior\ReadHtmlCacheBehavior [ RunTime:0.001155s ]
INFO: [ app_begin ] --END-- [ RunTime:0.001359s ]
INFO: [ view_parse ] --START--
INFO: [ template_filter ] --START--
INFO: Run Behavior\ContentReplaceBehavior [ RunTime:0.000640s ]
INFO: [ template_filter ] --END-- [ RunTime:0.000862s ]
INFO: Run Behavior\ParseTemplateBehavior [ RunTime:0.044273s ]
INFO: [ view_parse ] --END-- [ RunTime:0.044459s ]
INFO: [ view_filter ] --START--
INFO: Run Behavior\WriteHtmlCacheBehavior [ RunTime:0.000741s ]
INFO: [ view_filter ] --END-- [ RunTime:0.000908s ]
INFO: [ app_end ] --START--
INFO: Run Behavior\ShowPageTraceBehavior [ RunTime:0.001202s ]
INFO: [ app_end ] --END-- [ RunTime:0.001378s ]

[ 2017-11-28T17:14:15+08:00 ] ::1 /julei-11-28/index.php/Home/Blast/Blast.html
INFO: [ app_init ] --START--
INFO: Run Behavior\BuildLiteBehavior [ RunTime:0.000037s ]
INFO: [ app_init ] --END-- [ RunTime:0.000804s ]
INFO: [ app_begin ] --START--
INFO: Run Behavior\ReadHtmlCacheBehavior [ RunTime:0.001047s ]
INFO: [ app_begin ] --END-- [ RunTime:0.001224s ]
INFO: [ view_parse ] --START--
INFO: [ template_filter ] --START--
INFO: Run Behavior\ContentReplaceBehavior [ RunTime:0.000628s ]
INFO: [ template_filter ] --END-- [ RunTime:0.000829s ]
INFO: Run Behavior\ParseTemplateBehavior [ RunTime:0.036726s ]
INFO: [ view_parse ] --END-- [ RunTime:0.036909s ]
INFO: [ view_filter ] --START--
INFO: Run Behavior\WriteHtmlCacheBehavior [ RunTime:0.000853s ]
INFO: [ view_filter ] --END-- [ RunTime:0.001018s ]
INFO: [ app_end ] --START--
INFO: Run Behavior\ShowPageTraceBehavior [ RunTime:0.001570s ]
INFO: [ app_end ] --END-- [ RunTime:0.001855s ]

[ 2017-11-28T17:31:44+08:00 ] ::1 /julei-11-28/index.php/Home/Analysis/analysis.html
INFO: [ app_init ] --START--
INFO: Run Behavior\BuildLiteBehavior [ RunTime:0.000040s ]
INFO: [ app_init ] --END-- [ RunTime:0.000740s ]
INFO: [ app_begin ] --START--
INFO: Run Behavior\ReadHtmlCacheBehavior [ RunTime:0.000921s ]
INFO: [ app_begin ] --END-- [ RunTime:0.001096s ]
INFO: [ view_parse ] --START--
INFO: [ template_filter ] --START--
INFO: Run Behavior\ContentReplaceBehavior [ RunTime:0.000191s ]
INFO: [ template_filter ] --END-- [ RunTime:0.000442s ]
INFO: Run Behavior\ParseTemplateBehavior [ RunTime:0.023441s ]
INFO: [ view_parse ] --END-- [ RunTime:0.024616s ]
INFO: [ view_filter ] --START--
INFO: Run Behavior\WriteHtmlCacheBehavior [ RunTime:0.000830s ]
INFO: [ view_filter ] --END-- [ RunTime:0.000999s ]
INFO: [ app_end ] --START--
INFO: Run Behavior\ShowPageTraceBehavior [ RunTime:0.001015s ]
INFO: [ app_end ] --END-- [ RunTime:0.001331s ]

[ 2017-11-28T17:31:45+08:00 ] ::1 /julei-11-28/index.php/Home/Analysis/find_infor.html
INFO: [ app_init ] --START--
INFO: Run Behavior\BuildLiteBehavior [ RunTime:0.000034s ]
INFO: [ app_init ] --END-- [ RunTime:0.000822s ]
INFO: [ app_begin ] --START--
INFO: Run Behavior\ReadHtmlCacheBehavior [ RunTime:0.001185s ]
INFO: [ app_begin ] --END-- [ RunTime:0.001333s ]
SQL: SHOW COLUMNS FROM `pqc_maize` [ RunTime:0.0029s ]
SQL: SELECT DISTINCT  `Ref_infor` FROM `pqc_maize`  [ RunTime:0.4537s ]

[ 2017-11-28T17:40:03+08:00 ] ::1 /julei-11-28/index.php/Home/Analysis/analysis.html
INFO: [ app_init ] --START--
INFO: Run Behavior\BuildLiteBehavior [ RunTime:0.000040s ]
INFO: [ app_init ] --END-- [ RunTime:0.000799s ]
INFO: [ app_begin ] --START--
INFO: Run Behavior\ReadHtmlCacheBehavior [ RunTime:0.001100s ]
INFO: [ app_begin ] --END-- [ RunTime:0.001281s ]
INFO: [ view_parse ] --START--
INFO: [ template_filter ] --START--
INFO: Run Behavior\ContentReplaceBehavior [ RunTime:0.000195s ]
INFO: [ template_filter ] --END-- [ RunTime:0.000389s ]
INFO: Run Behavior\ParseTemplateBehavior [ RunTime:0.021505s ]
INFO: [ view_parse ] --END-- [ RunTime:0.021706s ]
INFO: [ view_filter ] --START--
INFO: Run Behavior\WriteHtmlCacheBehavior [ RunTime:0.000867s ]
INFO: [ view_filter ] --END-- [ RunTime:0.001033s ]
INFO: [ app_end ] --START--
INFO: Run Behavior\ShowPageTraceBehavior [ RunTime:0.001073s ]
INFO: [ app_end ] --END-- [ RunTime:0.001249s ]

[ 2017-11-28T17:40:04+08:00 ] ::1 /julei-11-28/index.php/Home/Analysis/find_infor.html
INFO: [ app_init ] --START--
INFO: Run Behavior\BuildLiteBehavior [ RunTime:0.000040s ]
INFO: [ app_init ] --END-- [ RunTime:0.000862s ]
INFO: [ app_begin ] --START--
INFO: Run Behavior\ReadHtmlCacheBehavior [ RunTime:0.001245s ]
INFO: [ app_begin ] --END-- [ RunTime:0.001431s ]
SQL: SHOW COLUMNS FROM `pqc_maize` [ RunTime:0.0017s ]
SQL: SELECT DISTINCT  `Ref_infor` FROM `pqc_maize`  [ RunTime:0.0463s ]

[ 2017-11-28T17:40:05+08:00 ] ::1 /julei-11-28/index.php/Home/Blast/Blast.html
INFO: [ app_init ] --START--
INFO: Run Behavior\BuildLiteBehavior [ RunTime:0.000039s ]
INFO: [ app_init ] --END-- [ RunTime:0.000751s ]
INFO: [ app_begin ] --START--
INFO: Run Behavior\ReadHtmlCacheBehavior [ RunTime:0.001082s ]
INFO: [ app_begin ] --END-- [ RunTime:0.001257s ]
INFO: [ view_parse ] --START--
INFO: [ template_filter ] --START--
INFO: Run Behavior\ContentReplaceBehavior [ RunTime:0.000691s ]
INFO: [ template_filter ] --END-- [ RunTime:0.000887s ]
INFO: Run Behavior\ParseTemplateBehavior [ RunTime:0.068179s ]
INFO: [ view_parse ] --END-- [ RunTime:0.068368s ]
INFO: [ view_filter ] --START--
INFO: Run Behavior\WriteHtmlCacheBehavior [ RunTime:0.000975s ]
INFO: [ view_filter ] --END-- [ RunTime:0.001145s ]
INFO: [ app_end ] --START--
INFO: Run Behavior\ShowPageTraceBehavior [ RunTime:0.001097s ]
INFO: [ app_end ] --END-- [ RunTime:0.001272s ]

[ 2017-11-28T17:40:24+08:00 ] ::1 /julei-11-28/index.php/Home/Blast/Blast.html
INFO: [ app_init ] --START--
INFO: Run Behavior\BuildLiteBehavior [ RunTime:0.000037s ]
INFO: [ app_init ] --END-- [ RunTime:0.000736s ]
INFO: [ app_begin ] --START--
INFO: Run Behavior\ReadHtmlCacheBehavior [ RunTime:0.001065s ]
INFO: [ app_begin ] --END-- [ RunTime:0.001241s ]
INFO: [ view_parse ] --START--
INFO: [ template_filter ] --START--
INFO: Run Behavior\ContentReplaceBehavior [ RunTime:0.000714s ]
INFO: [ template_filter ] --END-- [ RunTime:0.000911s ]
INFO: Run Behavior\ParseTemplateBehavior [ RunTime:0.035427s ]
INFO: [ view_parse ] --END-- [ RunTime:0.035603s ]
INFO: [ view_filter ] --START--
INFO: Run Behavior\WriteHtmlCacheBehavior [ RunTime:0.000822s ]
INFO: [ view_filter ] --END-- [ RunTime:0.000985s ]
INFO: [ app_end ] --START--
INFO: Run Behavior\ShowPageTraceBehavior [ RunTime:0.001137s ]
INFO: [ app_end ] --END-- [ RunTime:0.001312s ]

[ 2017-11-28T19:44:09+08:00 ] ::1 /julei-11-28/index.php/Home/Analysis/analysis.html
INFO: [ app_init ] --START--
INFO: Run Behavior\BuildLiteBehavior [ RunTime:0.000038s ]
INFO: [ app_init ] --END-- [ RunTime:0.000792s ]
INFO: [ app_begin ] --START--
INFO: Run Behavior\ReadHtmlCacheBehavior [ RunTime:0.000973s ]
INFO: [ app_begin ] --END-- [ RunTime:0.001186s ]
INFO: [ view_parse ] --START--
INFO: [ template_filter ] --START--
INFO: Run Behavior\ContentReplaceBehavior [ RunTime:0.000184s ]
INFO: [ template_filter ] --END-- [ RunTime:0.000371s ]
INFO: Run Behavior\ParseTemplateBehavior [ RunTime:0.023141s ]
INFO: [ view_parse ] --END-- [ RunTime:0.023315s ]
INFO: [ view_filter ] --START--
INFO: Run Behavior\WriteHtmlCacheBehavior [ RunTime:0.000754s ]
INFO: [ view_filter ] --END-- [ RunTime:0.000971s ]
INFO: [ app_end ] --START--
INFO: Run Behavior\ShowPageTraceBehavior [ RunTime:0.001008s ]
INFO: [ app_end ] --END-- [ RunTime:0.001182s ]

[ 2017-11-28T19:44:09+08:00 ] ::1 /julei-11-28/index.php/Home/Analysis/find_infor.html
INFO: [ app_init ] --START--
INFO: Run Behavior\BuildLiteBehavior [ RunTime:0.000042s ]
INFO: [ app_init ] --END-- [ RunTime:0.000779s ]
INFO: [ app_begin ] --START--
INFO: Run Behavior\ReadHtmlCacheBehavior [ RunTime:0.000998s ]
INFO: [ app_begin ] --END-- [ RunTime:0.001161s ]
SQL: SHOW COLUMNS FROM `pqc_maize` [ RunTime:0.0031s ]
SQL: SELECT DISTINCT  `Ref_infor` FROM `pqc_maize`  [ RunTime:0.0502s ]

[ 2017-11-28T19:44:12+08:00 ] ::1 /julei-11-28/index.php/Home/Traits/get_ajax_crmname.html?keyword=a&species=Maize&_=1511869449502
INFO: [ app_init ] --START--
INFO: Run Behavior\BuildLiteBehavior [ RunTime:0.000035s ]
INFO: [ app_init ] --END-- [ RunTime:0.000700s ]
INFO: [ app_begin ] --START--
INFO: Run Behavior\ReadHtmlCacheBehavior [ RunTime:0.000924s ]
INFO: [ app_begin ] --END-- [ RunTime:0.001070s ]
SQL: SHOW COLUMNS FROM `pqc_maize` [ RunTime:0.0218s ]
SQL: SELECT DISTINCT  `Trait` FROM `pqc_maize` WHERE ( trait like 'a%' )  [ RunTime:0.0765s ]

[ 2017-11-28T19:44:15+08:00 ] ::1 /julei-11-28/index.php/Home/Analysis/find_gene.html
INFO: [ app_init ] --START--
INFO: Run Behavior\BuildLiteBehavior [ RunTime:0.000034s ]
INFO: [ app_init ] --END-- [ RunTime:0.000702s ]
INFO: [ app_begin ] --START--
INFO: Run Behavior\ReadHtmlCacheBehavior [ RunTime:0.000914s ]
INFO: [ app_begin ] --END-- [ RunTime:0.001060s ]
SQL: SHOW COLUMNS FROM `pqc_maize` [ RunTime:0.0013s ]
SQL: SELECT `Gene_refGene`,`ID_ref`,`Pvalue`,`Ref_infor` FROM `pqc_maize` WHERE `Trait` = 'ABA-GE'  [ RunTime:0.0141s ]
SQL: SELECT DISTINCT  `ID_ref` FROM `pqc_maize` WHERE `Trait` = 'ABA-GE'  [ RunTime:0.0136s ]

[ 2017-11-28T19:44:15+08:00 ] ::1 /julei-11-28/index.php/Home/Analysis/printgene.html
INFO: [ app_init ] --START--
INFO: Run Behavior\BuildLiteBehavior [ RunTime:0.000035s ]
INFO: [ app_init ] --END-- [ RunTime:0.000730s ]
INFO: [ app_begin ] --START--
INFO: Run Behavior\ReadHtmlCacheBehavior [ RunTime:0.000986s ]
INFO: [ app_begin ] --END-- [ RunTime:0.001136s ]
SQL: SHOW COLUMNS FROM `pqc_maize` [ RunTime:0.0013s ]
SQL: SELECT DISTINCT  `ID`,`ID_ref`,`Marker_name`,`chr_ref`,`Marker_location`,`Trait`,`allele`,`organ`,`Pvalue`,`indel_snp`,`MAF`,`Pop_type`,`Pop_size`,`Marker_set`,`Model`,`Genome_version`,`final_version`,`Chr`,`Position`,`Ref`,`note`,`Ref_name`,`Chr_gene`,`Start`,`Gene_refGene`,`New_gene`,`Annotation`,`Level1`,`Level2`,`Level3`,`Level4`,`Level5`,`Level6`,`GO_ID` FROM `pqc_maize` WHERE `Gene_refGene` = 'GRMZM2G112165' AND `Trait` = 'ABA-GE'  [ RunTime:0.0217s ]
SQL: SELECT DISTINCT  `ID`,`ID_ref`,`Marker_name`,`chr_ref`,`Marker_location`,`Trait`,`allele`,`organ`,`Pvalue`,`indel_snp`,`MAF`,`Pop_type`,`Pop_size`,`Marker_set`,`Model`,`Genome_version`,`final_version`,`Chr`,`Position`,`Ref`,`note`,`Ref_name`,`Chr_gene`,`Start`,`Gene_refGene`,`New_gene`,`Annotation`,`Level1`,`Level2`,`Level3`,`Level4`,`Level5`,`Level6`,`GO_ID` FROM `pqc_maize` WHERE `Gene_refGene` = 'GRMZM2G012584' AND `Trait` = 'ABA-GE'  [ RunTime:0.0155s ]
SQL: SELECT DISTINCT  `ID`,`ID_ref`,`Marker_name`,`chr_ref`,`Marker_location`,`Trait`,`allele`,`organ`,`Pvalue`,`indel_snp`,`MAF`,`Pop_type`,`Pop_size`,`Marker_set`,`Model`,`Genome_version`,`final_version`,`Chr`,`Position`,`Ref`,`note`,`Ref_name`,`Chr_gene`,`Start`,`Gene_refGene`,`New_gene`,`Annotation`,`Level1`,`Level2`,`Level3`,`Level4`,`Level5`,`Level6`,`GO_ID` FROM `pqc_maize` WHERE `Gene_refGene` = 'GRMZM2G013821' AND `Trait` = 'ABA-GE'  [ RunTime:0.0151s ]
SQL: SELECT DISTINCT  `ID`,`ID_ref`,`Marker_name`,`chr_ref`,`Marker_location`,`Trait`,`allele`,`organ`,`Pvalue`,`indel_snp`,`MAF`,`Pop_type`,`Pop_size`,`Marker_set`,`Model`,`Genome_version`,`final_version`,`Chr`,`Position`,`Ref`,`note`,`Ref_name`,`Chr_gene`,`Start`,`Gene_refGene`,`New_gene`,`Annotation`,`Level1`,`Level2`,`Level3`,`Level4`,`Level5`,`Level6`,`GO_ID` FROM `pqc_maize` WHERE `Gene_refGene` = 'GRMZM2G128432' AND `Trait` = 'ABA-GE'  [ RunTime:0.0152s ]
SQL: SELECT DISTINCT  `ID`,`ID_ref`,`Marker_name`,`chr_ref`,`Marker_location`,`Trait`,`allele`,`organ`,`Pvalue`,`indel_snp`,`MAF`,`Pop_type`,`Pop_size`,`Marker_set`,`Model`,`Genome_version`,`final_version`,`Chr`,`Position`,`Ref`,`note`,`Ref_name`,`Chr_gene`,`Start`,`Gene_refGene`,`New_gene`,`Annotation`,`Level1`,`Level2`,`Level3`,`Level4`,`Level5`,`Level6`,`GO_ID` FROM `pqc_maize` WHERE `Gene_refGene` = 'GRMZM2G168269' AND `Trait` = 'ABA-GE'  [ RunTime:0.0163s ]

[ 2017-11-28T19:44:15+08:00 ] ::1 /julei-11-28/index.php/Home/Analysis/table2.html
INFO: [ app_init ] --START--
INFO: Run Behavior\BuildLiteBehavior [ RunTime:0.000038s ]
INFO: [ app_init ] --END-- [ RunTime:0.000861s ]
INFO: [ app_begin ] --START--
INFO: Run Behavior\ReadHtmlCacheBehavior [ RunTime:0.001163s ]
INFO: [ app_begin ] --END-- [ RunTime:0.001315s ]
SQL: SHOW COLUMNS FROM `maizenew10kre_deletelevel` [ RunTime:0.0398s ]
SQL: SELECT * FROM `maizenew10kre_deletelevel` WHERE `Gene` = 'GRMZM2G112165' LIMIT 1   [ RunTime:0.0452s ]
SQL: SELECT * FROM `maizenew10kre_deletelevel` WHERE `Gene` = 'GRMZM2G012584' LIMIT 1   [ RunTime:0.0081s ]
SQL: SELECT * FROM `maizenew10kre_deletelevel` WHERE `Gene` = 'GRMZM2G013821' LIMIT 1   [ RunTime:0.0059s ]
SQL: SELECT * FROM `maizenew10kre_deletelevel` WHERE `Gene` = 'GRMZM2G128432' LIMIT 1   [ RunTime:0.0054s ]
SQL: SELECT * FROM `maizenew10kre_deletelevel` WHERE `Gene` = 'GRMZM2G168269' LIMIT 1   [ RunTime:0.0072s ]
SQL: SELECT `TO_ID` FROM `maizenew10kre_deletelevel` WHERE `Gene` = 'GRMZM2G112165'  [ RunTime:0.0101s ]
SQL: SELECT `TO_ID` FROM `maizenew10kre_deletelevel` WHERE `Gene` = 'GRMZM2G012584'  [ RunTime:0.0101s ]
SQL: SELECT `TO_ID` FROM `maizenew10kre_deletelevel` WHERE `Gene` = 'GRMZM2G013821'  [ RunTime:0.0102s ]
SQL: SELECT `TO_ID` FROM `maizenew10kre_deletelevel` WHERE `Gene` = 'GRMZM2G128432'  [ RunTime:0.0101s ]
SQL: SELECT `TO_ID` FROM `maizenew10kre_deletelevel` WHERE `Gene` = 'GRMZM2G168269'  [ RunTime:0.0101s ]
SQL: SELECT `Gene` FROM `maizenew10kre_deletelevel` WHERE `TO_ID` = 'TO:0000277'  [ RunTime:0.0107s ]
SQL: SELECT `Gene` FROM `maizenew10kre_deletelevel` WHERE `TO_ID` = 'TO:0000281'  [ RunTime:0.0108s ]
SQL: SELECT `Gene` FROM `maizenew10kre_deletelevel` WHERE `TO_ID` = 'TO:0000476'  [ RunTime:0.0101s ]
SQL: SELECT `Gene` FROM `maizenew10kre_deletelevel` WHERE `TO_ID` = 'TO:0000478'  [ RunTime:0.0101s ]
SQL: SELECT DISTINCT  `Gene` FROM `maizenew10kre_deletelevel`  [ RunTime:0.0683s ]
SQL: SELECT DISTINCT  `Gene` FROM `maizenew10kre_deletelevel` WHERE `TO_ID` = 'TO:0000277'  [ RunTime:0.0132s ]
SQL: SELECT DISTINCT  `Gene` FROM `maizenew10kre_deletelevel` WHERE `TO_ID` = 'TO:0000281'  [ RunTime:0.0121s ]
SQL: SELECT DISTINCT  `Gene` FROM `maizenew10kre_deletelevel` WHERE `TO_ID` = 'TO:0000476'  [ RunTime:0.0104s ]
SQL: SELECT DISTINCT  `Gene` FROM `maizenew10kre_deletelevel` WHERE `TO_ID` = 'TO:0000478'  [ RunTime:0.0104s ]
SQL: SELECT `TO_annotation` FROM `maizenew10kre_deletelevel` WHERE `TO_ID` = 'TO:0000277' LIMIT 1   [ RunTime:0.0009s ]
SQL: SELECT `TO_annotation` FROM `maizenew10kre_deletelevel` WHERE `TO_ID` = 'TO:0000281' LIMIT 1   [ RunTime:0.0009s ]
SQL: SELECT `TO_annotation` FROM `maizenew10kre_deletelevel` WHERE `TO_ID` = 'TO:0000476' LIMIT 1   [ RunTime:0.0009s ]
SQL: SELECT `TO_annotation` FROM `maizenew10kre_deletelevel` WHERE `TO_ID` = 'TO:0000478' LIMIT 1   [ RunTime:0.0009s ]

[ 2017-11-28T19:44:17+08:00 ] ::1 /julei-11-28/index.php/Home/Analysis/table3.html
INFO: [ app_init ] --START--
INFO: Run Behavior\BuildLiteBehavior [ RunTime:0.000035s ]
INFO: [ app_init ] --END-- [ RunTime:0.000853s ]
INFO: [ app_begin ] --START--
INFO: Run Behavior\ReadHtmlCacheBehavior [ RunTime:0.001052s ]
INFO: [ app_begin ] --END-- [ RunTime:0.001199s ]
SQL: SHOW COLUMNS FROM `maizedelete` [ RunTime:0.0009s ]
SQL: SELECT * FROM `maizedelete` WHERE `gene` = 'GRMZM2G112165' LIMIT 1   [ RunTime:0.2527s ]
SQL: SELECT * FROM `maizedelete` WHERE `gene` = 'GRMZM2G012584' LIMIT 1   [ RunTime:0.1087s ]
SQL: SELECT * FROM `maizedelete` WHERE `gene` = 'GRMZM2G013821' LIMIT 1   [ RunTime:0.0031s ]
SQL: SELECT * FROM `maizedelete` WHERE `gene` = 'GRMZM2G128432' LIMIT 1   [ RunTime:0.0076s ]
SQL: SELECT * FROM `maizedelete` WHERE `gene` = 'GRMZM2G168269' LIMIT 1   [ RunTime:0.0077s ]
SQL: SELECT `GO_id` FROM `maizedelete` WHERE `gene` = 'GRMZM2G112165'  [ RunTime:0.0003s ]
SQL: SELECT `GO_id` FROM `maizedelete` WHERE `gene` = 'GRMZM2G012584'  [ RunTime:0.0004s ]
SQL: SELECT `GO_id` FROM `maizedelete` WHERE `gene` = 'GRMZM2G013821'  [ RunTime:0.0003s ]
SQL: SELECT `GO_id` FROM `maizedelete` WHERE `gene` = 'GRMZM2G128432'  [ RunTime:0.0003s ]
SQL: SELECT `GO_id` FROM `maizedelete` WHERE `gene` = 'GRMZM2G168269'  [ RunTime:0.0003s ]
SQL: SELECT `gene` FROM `maizedelete` WHERE `GO_id` = 'GO:0005794'  [ RunTime:0.3123s ]
SQL: SELECT `gene` FROM `maizedelete` WHERE `GO_id` = 'GO:0005730'  [ RunTime:0.0049s ]
SQL: SELECT `gene` FROM `maizedelete` WHERE `GO_id` = 'GO:0051082'  [ RunTime:0.0082s ]
SQL: SELECT `gene` FROM `maizedelete` WHERE `GO_id` = 'GO:0005886'  [ RunTime:0.0413s ]
SQL: SELECT `gene` FROM `maizedelete` WHERE `GO_id` = 'GO:0009408'  [ RunTime:0.0028s ]
SQL: SELECT `gene` FROM `maizedelete` WHERE `GO_id` = 'GO:0005524'  [ RunTime:0.0405s ]
SQL: SELECT `gene` FROM `maizedelete` WHERE `GO_id` = 'GO:0005515'  [ RunTime:0.0547s ]
SQL: SELECT `gene` FROM `maizedelete` WHERE `GO_id` = 'GO:0006260'  [ RunTime:0.0014s ]
SQL: SELECT `gene` FROM `maizedelete` WHERE `GO_id` = 'GO:0005634'  [ RunTime:0.0188s ]
SQL: SELECT DISTINCT  `gene` FROM `maizedelete`  [ RunTime:0.2121s ]
SQL: SELECT DISTINCT  `gene` FROM `maizedelete` WHERE `GO_id` = 'GO:0005794'  [ RunTime:0.0041s ]
SQL: SELECT DISTINCT  `gene` FROM `maizedelete` WHERE `GO_id` = 'GO:0005730'  [ RunTime:0.0039s ]
SQL: SELECT DISTINCT  `gene` FROM `maizedelete` WHERE `GO_id` = 'GO:0051082'  [ RunTime:0.0015s ]
SQL: SELECT DISTINCT  `gene` FROM `maizedelete` WHERE `GO_id` = 'GO:0005886'  [ RunTime:0.0151s ]
SQL: SELECT DISTINCT  `gene` FROM `maizedelete` WHERE `GO_id` = 'GO:0009408'  [ RunTime:0.0016s ]
SQL: SELECT DISTINCT  `gene` FROM `maizedelete` WHERE `GO_id` = 'GO:0005524'  [ RunTime:0.0228s ]
SQL: SELECT DISTINCT  `gene` FROM `maizedelete` WHERE `GO_id` = 'GO:0005515'  [ RunTime:0.0409s ]
SQL: SELECT DISTINCT  `gene` FROM `maizedelete` WHERE `GO_id` = 'GO:0006260'  [ RunTime:0.0015s ]
SQL: SELECT DISTINCT  `gene` FROM `maizedelete` WHERE `GO_id` = 'GO:0005634'  [ RunTime:0.0168s ]
SQL: SHOW COLUMNS FROM `term_infor` [ RunTime:0.0010s ]
SQL: SELECT `Function` FROM `term_infor` WHERE `GO_id` = 'GO:0005794' LIMIT 1   [ RunTime:0.0275s ]
SQL: SELECT `Function` FROM `term_infor` WHERE `GO_id` = 'GO:0005730' LIMIT 1   [ RunTime:0.0005s ]
SQL: SELECT `Function` FROM `term_infor` WHERE `GO_id` = 'GO:0051082' LIMIT 1   [ RunTime:0.0750s ]
SQL: SELECT `Function` FROM `term_infor` WHERE `GO_id` = 'GO:0005886' LIMIT 1   [ RunTime:0.0310s ]
SQL: SELECT `Function` FROM `term_infor` WHERE `GO_id` = 'GO:0009408' LIMIT 1   [ RunTime:0.0296s ]
SQL: SELECT `Function` FROM `term_infor` WHERE `GO_id` = 'GO:0005524' LIMIT 1   [ RunTime:0.0005s ]
SQL: SELECT `Function` FROM `term_infor` WHERE `GO_id` = 'GO:0005515' LIMIT 1   [ RunTime:0.0003s ]
SQL: SELECT `Function` FROM `term_infor` WHERE `GO_id` = 'GO:0006260' LIMIT 1   [ RunTime:0.0005s ]
SQL: SELECT `Function` FROM `term_infor` WHERE `GO_id` = 'GO:0005634' LIMIT 1   [ RunTime:0.0003s ]

[ 2017-11-28T19:44:17+08:00 ] ::1 /julei-11-28/index.php/Home/Analysis/module.html
INFO: [ app_init ] --START--
INFO: Run Behavior\BuildLiteBehavior [ RunTime:0.000037s ]
INFO: [ app_init ] --END-- [ RunTime:0.000735s ]
INFO: [ app_begin ] --START--
INFO: Run Behavior\ReadHtmlCacheBehavior [ RunTime:0.001121s ]
INFO: [ app_begin ] --END-- [ RunTime:0.001278s ]
SQL: SHOW COLUMNS FROM `network` [ RunTime:0.0294s ]
SQL: SHOW COLUMNS FROM `maizenew_co_expression` [ RunTime:0.0006s ]
SQL: SHOW COLUMNS FROM `ricenew_co_expression` [ RunTime:0.0006s ]
SQL: SHOW COLUMNS FROM `rice_network` [ RunTime:0.0005s ]
SQL: SHOW COLUMNS FROM `v3_v4` [ RunTime:0.0005s ]
SQL: SELECT `moduleID` FROM `network` WHERE `genelist` LIKE '%GRMZM2G112165%'  [ RunTime:0.0515s ]
SQL: SELECT `V4` FROM `v3_v4` WHERE `V3` = 'GRMZM2G112165'  [ RunTime:0.0623s ]
SQL: SELECT * FROM `maizenew_co_expression` WHERE `gene1` = 'GRMZM2G112165'  [ RunTime:0.0803s ]
SQL: SELECT `moduleID` FROM `network` WHERE `genelist` LIKE '%GRMZM2G012584%'  [ RunTime:0.0100s ]
SQL: SELECT `V4` FROM `v3_v4` WHERE `V3` = 'GRMZM2G012584'  [ RunTime:0.0143s ]
SQL: SELECT * FROM `maizenew_co_expression` WHERE `gene1` = 'GRMZM2G012584'  [ RunTime:0.0303s ]
SQL: SELECT `moduleID` FROM `network` WHERE `genelist` LIKE '%GRMZM2G013821%'  [ RunTime:0.0096s ]
SQL: SELECT `V4` FROM `v3_v4` WHERE `V3` = 'GRMZM2G013821'  [ RunTime:0.0145s ]
SQL: SELECT * FROM `maizenew_co_expression` WHERE `gene1` = 'GRMZM2G013821'  [ RunTime:0.0072s ]
SQL: SELECT `moduleID` FROM `network` WHERE `genelist` LIKE '%GRMZM2G128432%'  [ RunTime:0.0104s ]
SQL: SELECT `V4` FROM `v3_v4` WHERE `V3` = 'GRMZM2G128432'  [ RunTime:0.0143s ]
SQL: SELECT * FROM `maizenew_co_expression` WHERE `gene1` = 'GRMZM2G128432'  [ RunTime:0.0035s ]
SQL: SELECT `moduleID` FROM `network` WHERE `genelist` LIKE '%GRMZM2G168269%'  [ RunTime:0.0103s ]
SQL: SELECT `V4` FROM `v3_v4` WHERE `V3` = 'GRMZM2G168269'  [ RunTime:0.0141s ]
SQL: SELECT * FROM `maizenew_co_expression` WHERE `gene1` = 'GRMZM2G168269'  [ RunTime:0.0303s ]
SQL: SELECT * FROM `network`  [ RunTime:0.0296s ]

[ 2017-11-28T19:44:18+08:00 ] ::1 /julei-11-28/index.php/Home/Analysis/table4.html
INFO: [ app_init ] --START--
INFO: Run Behavior\BuildLiteBehavior [ RunTime:0.000070s ]
INFO: [ app_init ] --END-- [ RunTime:0.000925s ]
INFO: [ app_begin ] --START--
INFO: Run Behavior\ReadHtmlCacheBehavior [ RunTime:0.001288s ]
INFO: [ app_begin ] --END-- [ RunTime:0.001510s ]
SQL: SHOW COLUMNS FROM `maizenew_pathway` [ RunTime:0.0186s ]
SQL: SELECT * FROM `maizenew_pathway` WHERE `gene` = 'GRMZM2G112165' LIMIT 1   [ RunTime:0.0447s ]
SQL: SELECT * FROM `maizenew_pathway` WHERE `gene` = 'GRMZM2G012584' LIMIT 1   [ RunTime:0.0081s ]
SQL: SELECT * FROM `maizenew_pathway` WHERE `gene` = 'GRMZM2G013821' LIMIT 1   [ RunTime:0.0080s ]
SQL: SELECT * FROM `maizenew_pathway` WHERE `gene` = 'GRMZM2G128432' LIMIT 1   [ RunTime:0.0083s ]
SQL: SELECT * FROM `maizenew_pathway` WHERE `gene` = 'GRMZM2G168269' LIMIT 1   [ RunTime:0.0083s ]
SQL: SELECT `pathway` FROM `maizenew_pathway` WHERE `gene` = 'GRMZM2G112165'  [ RunTime:0.0342s ]
SQL: SELECT `pathway` FROM `maizenew_pathway` WHERE `gene` = 'GRMZM2G012584'  [ RunTime:0.0076s ]
SQL: SELECT `pathway` FROM `maizenew_pathway` WHERE `gene` = 'GRMZM2G013821'  [ RunTime:0.0078s ]
SQL: SELECT `pathway` FROM `maizenew_pathway` WHERE `gene` = 'GRMZM2G128432'  [ RunTime:0.0187s ]
SQL: SELECT `pathway` FROM `maizenew_pathway` WHERE `gene` = 'GRMZM2G168269'  [ RunTime:0.0077s ]
SQL: SELECT DISTINCT  `gene` FROM `maizenew_pathway`  [ RunTime:0.0344s ]

[ 2017-11-28T19:45:03+08:00 ] ::1 /julei-11-28/index.php/Home/Blast/Blast.html
INFO: [ app_init ] --START--
INFO: Run Behavior\BuildLiteBehavior [ RunTime:0.000037s ]
INFO: [ app_init ] --END-- [ RunTime:0.000753s ]
INFO: [ app_begin ] --START--
INFO: Run Behavior\ReadHtmlCacheBehavior [ RunTime:0.001211s ]
INFO: [ app_begin ] --END-- [ RunTime:0.001409s ]
INFO: [ view_parse ] --START--
INFO: [ template_filter ] --START--
INFO: Run Behavior\ContentReplaceBehavior [ RunTime:0.000738s ]
INFO: [ template_filter ] --END-- [ RunTime:0.000977s ]
INFO: Run Behavior\ParseTemplateBehavior [ RunTime:0.040369s ]
INFO: [ view_parse ] --END-- [ RunTime:0.040557s ]
INFO: [ view_filter ] --START--
INFO: Run Behavior\WriteHtmlCacheBehavior [ RunTime:0.000862s ]
INFO: [ view_filter ] --END-- [ RunTime:0.001032s ]
INFO: [ app_end ] --START--
INFO: Run Behavior\ShowPageTraceBehavior [ RunTime:0.001135s ]
INFO: [ app_end ] --END-- [ RunTime:0.001372s ]

[ 2017-11-28T19:46:37+08:00 ] ::1 /julei-11-28/index.php/Home/Analysis/analysis.html
INFO: [ app_init ] --START--
INFO: Run Behavior\BuildLiteBehavior [ RunTime:0.000036s ]
INFO: [ app_init ] --END-- [ RunTime:0.000828s ]
INFO: [ app_begin ] --START--
INFO: Run Behavior\ReadHtmlCacheBehavior [ RunTime:0.001100s ]
INFO: [ app_begin ] --END-- [ RunTime:0.001790s ]
INFO: [ view_parse ] --START--
INFO: [ template_filter ] --START--
INFO: Run Behavior\ContentReplaceBehavior [ RunTime:0.000235s ]
INFO: [ template_filter ] --END-- [ RunTime:0.000435s ]
INFO: Run Behavior\ParseTemplateBehavior [ RunTime:0.022525s ]
INFO: [ view_parse ] --END-- [ RunTime:0.022719s ]
INFO: [ view_filter ] --START--
INFO: Run Behavior\WriteHtmlCacheBehavior [ RunTime:0.000947s ]
INFO: [ view_filter ] --END-- [ RunTime:0.001113s ]
INFO: [ app_end ] --START--
INFO: Run Behavior\ShowPageTraceBehavior [ RunTime:0.001080s ]
INFO: [ app_end ] --END-- [ RunTime:0.001253s ]

[ 2017-11-28T19:46:38+08:00 ] ::1 /julei-11-28/index.php/Home/Analysis/find_infor.html
INFO: [ app_init ] --START--
INFO: Run Behavior\BuildLiteBehavior [ RunTime:0.000092s ]
INFO: [ app_init ] --END-- [ RunTime:0.000983s ]
INFO: [ app_begin ] --START--
INFO: Run Behavior\ReadHtmlCacheBehavior [ RunTime:0.001484s ]
INFO: [ app_begin ] --END-- [ RunTime:0.001680s ]
SQL: SHOW COLUMNS FROM `pqc_maize` [ RunTime:0.0135s ]
SQL: SELECT DISTINCT  `Ref_infor` FROM `pqc_maize`  [ RunTime:0.0512s ]

[ 2017-11-28T19:46:41+08:00 ] ::1 /julei-11-28/index.php/Home/Traits/get_ajax_crmname.html?keyword=a&species=Maize&_=1511869597657
INFO: [ app_init ] --START--
INFO: Run Behavior\BuildLiteBehavior [ RunTime:0.000040s ]
INFO: [ app_init ] --END-- [ RunTime:0.000754s ]
INFO: [ app_begin ] --START--
INFO: Run Behavior\ReadHtmlCacheBehavior [ RunTime:0.001140s ]
INFO: [ app_begin ] --END-- [ RunTime:0.001293s ]
SQL: SHOW COLUMNS FROM `pqc_maize` [ RunTime:0.0013s ]
SQL: SELECT DISTINCT  `Trait` FROM `pqc_maize` WHERE ( trait like 'a%' )  [ RunTime:0.0174s ]

[ 2017-11-28T19:46:43+08:00 ] ::1 /julei-11-28/index.php/Home/Analysis/find_gene.html
INFO: [ app_init ] --START--
INFO: Run Behavior\BuildLiteBehavior [ RunTime:0.000038s ]
INFO: [ app_init ] --END-- [ RunTime:0.000757s ]
INFO: [ app_begin ] --START--
INFO: Run Behavior\ReadHtmlCacheBehavior [ RunTime:0.001014s ]
INFO: [ app_begin ] --END-- [ RunTime:0.001171s ]
SQL: SHOW COLUMNS FROM `pqc_maize` [ RunTime:0.0012s ]
SQL: SELECT `Gene_refGene`,`ID_ref`,`Pvalue`,`Ref_infor` FROM `pqc_maize` WHERE `Trait` = 'ABA-GE'  [ RunTime:0.0300s ]
SQL: SELECT DISTINCT  `ID_ref` FROM `pqc_maize` WHERE `Trait` = 'ABA-GE'  [ RunTime:0.0138s ]

[ 2017-11-28T19:46:44+08:00 ] ::1 /julei-11-28/index.php/Home/Analysis/printgene.html
INFO: [ app_init ] --START--
INFO: Run Behavior\BuildLiteBehavior [ RunTime:0.000044s ]
INFO: [ app_init ] --END-- [ RunTime:0.000801s ]
INFO: [ app_begin ] --START--
INFO: Run Behavior\ReadHtmlCacheBehavior [ RunTime:0.001039s ]
INFO: [ app_begin ] --END-- [ RunTime:0.001188s ]
SQL: SHOW COLUMNS FROM `pqc_maize` [ RunTime:0.0080s ]
SQL: SELECT DISTINCT  `ID`,`ID_ref`,`Marker_name`,`chr_ref`,`Marker_location`,`Trait`,`allele`,`organ`,`Pvalue`,`indel_snp`,`MAF`,`Pop_type`,`Pop_size`,`Marker_set`,`Model`,`Genome_version`,`final_version`,`Chr`,`Position`,`Ref`,`note`,`Ref_name`,`Chr_gene`,`Start`,`Gene_refGene`,`New_gene`,`Annotation`,`Level1`,`Level2`,`Level3`,`Level4`,`Level5`,`Level6`,`GO_ID` FROM `pqc_maize` WHERE `Gene_refGene` = 'GRMZM2G112165' AND `Trait` = 'ABA-GE'  [ RunTime:0.0156s ]
SQL: SELECT DISTINCT  `ID`,`ID_ref`,`Marker_name`,`chr_ref`,`Marker_location`,`Trait`,`allele`,`organ`,`Pvalue`,`indel_snp`,`MAF`,`Pop_type`,`Pop_size`,`Marker_set`,`Model`,`Genome_version`,`final_version`,`Chr`,`Position`,`Ref`,`note`,`Ref_name`,`Chr_gene`,`Start`,`Gene_refGene`,`New_gene`,`Annotation`,`Level1`,`Level2`,`Level3`,`Level4`,`Level5`,`Level6`,`GO_ID` FROM `pqc_maize` WHERE `Gene_refGene` = 'GRMZM2G012584' AND `Trait` = 'ABA-GE'  [ RunTime:0.0154s ]
SQL: SELECT DISTINCT  `ID`,`ID_ref`,`Marker_name`,`chr_ref`,`Marker_location`,`Trait`,`allele`,`organ`,`Pvalue`,`indel_snp`,`MAF`,`Pop_type`,`Pop_size`,`Marker_set`,`Model`,`Genome_version`,`final_version`,`Chr`,`Position`,`Ref`,`note`,`Ref_name`,`Chr_gene`,`Start`,`Gene_refGene`,`New_gene`,`Annotation`,`Level1`,`Level2`,`Level3`,`Level4`,`Level5`,`Level6`,`GO_ID` FROM `pqc_maize` WHERE `Gene_refGene` = 'GRMZM2G013821' AND `Trait` = 'ABA-GE'  [ RunTime:0.0172s ]
SQL: SELECT DISTINCT  `ID`,`ID_ref`,`Marker_name`,`chr_ref`,`Marker_location`,`Trait`,`allele`,`organ`,`Pvalue`,`indel_snp`,`MAF`,`Pop_type`,`Pop_size`,`Marker_set`,`Model`,`Genome_version`,`final_version`,`Chr`,`Position`,`Ref`,`note`,`Ref_name`,`Chr_gene`,`Start`,`Gene_refGene`,`New_gene`,`Annotation`,`Level1`,`Level2`,`Level3`,`Level4`,`Level5`,`Level6`,`GO_ID` FROM `pqc_maize` WHERE `Gene_refGene` = 'GRMZM2G128432' AND `Trait` = 'ABA-GE'  [ RunTime:0.0155s ]
SQL: SELECT DISTINCT  `ID`,`ID_ref`,`Marker_name`,`chr_ref`,`Marker_location`,`Trait`,`allele`,`organ`,`Pvalue`,`indel_snp`,`MAF`,`Pop_type`,`Pop_size`,`Marker_set`,`Model`,`Genome_version`,`final_version`,`Chr`,`Position`,`Ref`,`note`,`Ref_name`,`Chr_gene`,`Start`,`Gene_refGene`,`New_gene`,`Annotation`,`Level1`,`Level2`,`Level3`,`Level4`,`Level5`,`Level6`,`GO_ID` FROM `pqc_maize` WHERE `Gene_refGene` = 'GRMZM2G168269' AND `Trait` = 'ABA-GE'  [ RunTime:0.0152s ]

[ 2017-11-28T19:46:44+08:00 ] ::1 /julei-11-28/index.php/Home/Analysis/table4.html
INFO: [ app_init ] --START--
INFO: Run Behavior\BuildLiteBehavior [ RunTime:0.000055s ]
INFO: [ app_init ] --END-- [ RunTime:0.006361s ]
INFO: [ app_begin ] --START--
INFO: Run Behavior\ReadHtmlCacheBehavior [ RunTime:0.001065s ]
INFO: [ app_begin ] --END-- [ RunTime:0.001243s ]
SQL: SHOW COLUMNS FROM `maizenew_pathway` [ RunTime:0.0306s ]
SQL: SELECT * FROM `maizenew_pathway` WHERE `gene` = 'GRMZM2G112165' LIMIT 1   [ RunTime:0.0081s ]
SQL: SELECT * FROM `maizenew_pathway` WHERE `gene` = 'GRMZM2G012584' LIMIT 1   [ RunTime:0.0080s ]
SQL: SELECT * FROM `maizenew_pathway` WHERE `gene` = 'GRMZM2G013821' LIMIT 1   [ RunTime:0.0079s ]
SQL: SELECT * FROM `maizenew_pathway` WHERE `gene` = 'GRMZM2G128432' LIMIT 1   [ RunTime:0.0079s ]
SQL: SELECT * FROM `maizenew_pathway` WHERE `gene` = 'GRMZM2G168269' LIMIT 1   [ RunTime:0.0079s ]
SQL: SELECT `pathway` FROM `maizenew_pathway` WHERE `gene` = 'GRMZM2G112165'  [ RunTime:0.0075s ]
SQL: SELECT `pathway` FROM `maizenew_pathway` WHERE `gene` = 'GRMZM2G012584'  [ RunTime:0.0075s ]
SQL: SELECT `pathway` FROM `maizenew_pathway` WHERE `gene` = 'GRMZM2G013821'  [ RunTime:0.0075s ]
SQL: SELECT `pathway` FROM `maizenew_pathway` WHERE `gene` = 'GRMZM2G128432'  [ RunTime:0.0075s ]
SQL: SELECT `pathway` FROM `maizenew_pathway` WHERE `gene` = 'GRMZM2G168269'  [ RunTime:0.0075s ]
SQL: SELECT DISTINCT  `gene` FROM `maizenew_pathway`  [ RunTime:0.0361s ]

[ 2017-11-28T19:46:45+08:00 ] ::1 /julei-11-28/index.php/Home/Analysis/table3.html
INFO: [ app_init ] --START--
INFO: Run Behavior\BuildLiteBehavior [ RunTime:0.000036s ]
INFO: [ app_init ] --END-- [ RunTime:0.000736s ]
INFO: [ app_begin ] --START--
INFO: Run Behavior\ReadHtmlCacheBehavior [ RunTime:0.001242s ]
INFO: [ app_begin ] --END-- [ RunTime:0.001431s ]
SQL: SHOW COLUMNS FROM `maizedelete` [ RunTime:0.0326s ]
SQL: SELECT * FROM `maizedelete` WHERE `gene` = 'GRMZM2G112165' LIMIT 1   [ RunTime:0.0007s ]
SQL: SELECT * FROM `maizedelete` WHERE `gene` = 'GRMZM2G012584' LIMIT 1   [ RunTime:0.0004s ]
SQL: SELECT * FROM `maizedelete` WHERE `gene` = 'GRMZM2G013821' LIMIT 1   [ RunTime:0.0003s ]
SQL: SELECT * FROM `maizedelete` WHERE `gene` = 'GRMZM2G128432' LIMIT 1   [ RunTime:0.0003s ]
SQL: SELECT * FROM `maizedelete` WHERE `gene` = 'GRMZM2G168269' LIMIT 1   [ RunTime:0.0003s ]
SQL: SELECT `GO_id` FROM `maizedelete` WHERE `gene` = 'GRMZM2G112165'  [ RunTime:0.0003s ]
SQL: SELECT `GO_id` FROM `maizedelete` WHERE `gene` = 'GRMZM2G012584'  [ RunTime:0.0003s ]
SQL: SELECT `GO_id` FROM `maizedelete` WHERE `gene` = 'GRMZM2G013821'  [ RunTime:0.0002s ]
SQL: SELECT `GO_id` FROM `maizedelete` WHERE `gene` = 'GRMZM2G128432'  [ RunTime:0.0003s ]
SQL: SELECT `GO_id` FROM `maizedelete` WHERE `gene` = 'GRMZM2G168269'  [ RunTime:0.0003s ]
SQL: SELECT `gene` FROM `maizedelete` WHERE `GO_id` = 'GO:0005794'  [ RunTime:0.0412s ]
SQL: SELECT `gene` FROM `maizedelete` WHERE `GO_id` = 'GO:0005730'  [ RunTime:0.0038s ]
SQL: SELECT `gene` FROM `maizedelete` WHERE `GO_id` = 'GO:0051082'  [ RunTime:0.0013s ]
SQL: SELECT `gene` FROM `maizedelete` WHERE `GO_id` = 'GO:0005886'  [ RunTime:0.0130s ]
SQL: SELECT `gene` FROM `maizedelete` WHERE `GO_id` = 'GO:0009408'  [ RunTime:0.0025s ]
SQL: SELECT `gene` FROM `maizedelete` WHERE `GO_id` = 'GO:0005524'  [ RunTime:0.0868s ]
SQL: SELECT `gene` FROM `maizedelete` WHERE `GO_id` = 'GO:0005515'  [ RunTime:0.0117s ]
SQL: SELECT `gene` FROM `maizedelete` WHERE `GO_id` = 'GO:0006260'  [ RunTime:0.0014s ]
SQL: SELECT `gene` FROM `maizedelete` WHERE `GO_id` = 'GO:0005634'  [ RunTime:0.0078s ]
SQL: SELECT DISTINCT  `gene` FROM `maizedelete`  [ RunTime:0.1021s ]
SQL: SELECT DISTINCT  `gene` FROM `maizedelete` WHERE `GO_id` = 'GO:0005794'  [ RunTime:0.0044s ]
SQL: SELECT DISTINCT  `gene` FROM `maizedelete` WHERE `GO_id` = 'GO:0005730'  [ RunTime:0.0037s ]
SQL: SELECT DISTINCT  `gene` FROM `maizedelete` WHERE `GO_id` = 'GO:0051082'  [ RunTime:0.0015s ]
SQL: SELECT DISTINCT  `gene` FROM `maizedelete` WHERE `GO_id` = 'GO:0005886'  [ RunTime:0.0151s ]
SQL: SELECT DISTINCT  `gene` FROM `maizedelete` WHERE `GO_id` = 'GO:0009408'  [ RunTime:0.0017s ]
SQL: SELECT DISTINCT  `gene` FROM `maizedelete` WHERE `GO_id` = 'GO:0005524'  [ RunTime:0.0230s ]
SQL: SELECT DISTINCT  `gene` FROM `maizedelete` WHERE `GO_id` = 'GO:0005515'  [ RunTime:0.0265s ]
SQL: SELECT DISTINCT  `gene` FROM `maizedelete` WHERE `GO_id` = 'GO:0006260'  [ RunTime:0.0016s ]
SQL: SELECT DISTINCT  `gene` FROM `maizedelete` WHERE `GO_id` = 'GO:0005634'  [ RunTime:0.0170s ]
SQL: SHOW COLUMNS FROM `term_infor` [ RunTime:0.0272s ]
SQL: SELECT `Function` FROM `term_infor` WHERE `GO_id` = 'GO:0005794' LIMIT 1   [ RunTime:0.0006s ]
SQL: SELECT `Function` FROM `term_infor` WHERE `GO_id` = 'GO:0005730' LIMIT 1   [ RunTime:0.0003s ]
SQL: SELECT `Function` FROM `term_infor` WHERE `GO_id` = 'GO:0051082' LIMIT 1   [ RunTime:0.0004s ]
SQL: SELECT `Function` FROM `term_infor` WHERE `GO_id` = 'GO:0005886' LIMIT 1   [ RunTime:0.0003s ]
SQL: SELECT `Function` FROM `term_infor` WHERE `GO_id` = 'GO:0009408' LIMIT 1   [ RunTime:0.0004s ]
SQL: SELECT `Function` FROM `term_infor` WHERE `GO_id` = 'GO:0005524' LIMIT 1   [ RunTime:0.0003s ]
SQL: SELECT `Function` FROM `term_infor` WHERE `GO_id` = 'GO:0005515' LIMIT 1   [ RunTime:0.0003s ]
SQL: SELECT `Function` FROM `term_infor` WHERE `GO_id` = 'GO:0006260' LIMIT 1   [ RunTime:0.0003s ]
SQL: SELECT `Function` FROM `term_infor` WHERE `GO_id` = 'GO:0005634' LIMIT 1   [ RunTime:0.0002s ]

[ 2017-11-28T19:46:45+08:00 ] ::1 /julei-11-28/index.php/Home/Analysis/module.html
INFO: [ app_init ] --START--
INFO: Run Behavior\BuildLiteBehavior [ RunTime:0.000037s ]
INFO: [ app_init ] --END-- [ RunTime:0.000734s ]
INFO: [ app_begin ] --START--
INFO: Run Behavior\ReadHtmlCacheBehavior [ RunTime:0.001239s ]
INFO: [ app_begin ] --END-- [ RunTime:0.001391s ]
SQL: SHOW COLUMNS FROM `network` [ RunTime:0.0007s ]
SQL: SHOW COLUMNS FROM `maizenew_co_expression` [ RunTime:0.0006s ]
SQL: SHOW COLUMNS FROM `ricenew_co_expression` [ RunTime:0.0006s ]
SQL: SHOW COLUMNS FROM `rice_network` [ RunTime:0.0006s ]
SQL: SHOW COLUMNS FROM `v3_v4` [ RunTime:0.0006s ]
SQL: SELECT `moduleID` FROM `network` WHERE `genelist` LIKE '%GRMZM2G112165%'  [ RunTime:0.0116s ]
SQL: SELECT `V4` FROM `v3_v4` WHERE `V3` = 'GRMZM2G112165'  [ RunTime:0.0145s ]
SQL: SELECT * FROM `maizenew_co_expression` WHERE `gene1` = 'GRMZM2G112165'  [ RunTime:0.0012s ]
SQL: SELECT `moduleID` FROM `network` WHERE `genelist` LIKE '%GRMZM2G012584%'  [ RunTime:0.0103s ]
SQL: SELECT `V4` FROM `v3_v4` WHERE `V3` = 'GRMZM2G012584'  [ RunTime:0.0146s ]
SQL: SELECT * FROM `maizenew_co_expression` WHERE `gene1` = 'GRMZM2G012584'  [ RunTime:0.0062s ]
SQL: SELECT `moduleID` FROM `network` WHERE `genelist` LIKE '%GRMZM2G013821%'  [ RunTime:0.0102s ]
SQL: SELECT `V4` FROM `v3_v4` WHERE `V3` = 'GRMZM2G013821'  [ RunTime:0.0154s ]
SQL: SELECT * FROM `maizenew_co_expression` WHERE `gene1` = 'GRMZM2G013821'  [ RunTime:0.0061s ]
SQL: SELECT `moduleID` FROM `network` WHERE `genelist` LIKE '%GRMZM2G128432%'  [ RunTime:0.0103s ]
SQL: SELECT `V4` FROM `v3_v4` WHERE `V3` = 'GRMZM2G128432'  [ RunTime:0.0148s ]
SQL: SELECT * FROM `maizenew_co_expression` WHERE `gene1` = 'GRMZM2G128432'  [ RunTime:0.0035s ]
SQL: SELECT `moduleID` FROM `network` WHERE `genelist` LIKE '%GRMZM2G168269%'  [ RunTime:0.0107s ]
SQL: SELECT `V4` FROM `v3_v4` WHERE `V3` = 'GRMZM2G168269'  [ RunTime:0.0144s ]
SQL: SELECT * FROM `maizenew_co_expression` WHERE `gene1` = 'GRMZM2G168269'  [ RunTime:0.0031s ]
SQL: SELECT * FROM `network`  [ RunTime:0.0028s ]

[ 2017-11-28T19:46:45+08:00 ] ::1 /julei-11-28/index.php/Home/Analysis/table2.html
INFO: [ app_init ] --START--
INFO: Run Behavior\BuildLiteBehavior [ RunTime:0.000036s ]
INFO: [ app_init ] --END-- [ RunTime:0.000911s ]
INFO: [ app_begin ] --START--
INFO: Run Behavior\ReadHtmlCacheBehavior [ RunTime:0.001045s ]
INFO: [ app_begin ] --END-- [ RunTime:0.001192s ]
SQL: SHOW COLUMNS FROM `maizenew10kre_deletelevel` [ RunTime:0.0013s ]
SQL: SELECT * FROM `maizenew10kre_deletelevel` WHERE `Gene` = 'GRMZM2G112165' LIMIT 1   [ RunTime:0.0028s ]
SQL: SELECT * FROM `maizenew10kre_deletelevel` WHERE `Gene` = 'GRMZM2G012584' LIMIT 1   [ RunTime:0.0081s ]
SQL: SELECT * FROM `maizenew10kre_deletelevel` WHERE `Gene` = 'GRMZM2G013821' LIMIT 1   [ RunTime:0.0059s ]
SQL: SELECT * FROM `maizenew10kre_deletelevel` WHERE `Gene` = 'GRMZM2G128432' LIMIT 1   [ RunTime:0.0059s ]
SQL: SELECT * FROM `maizenew10kre_deletelevel` WHERE `Gene` = 'GRMZM2G168269' LIMIT 1   [ RunTime:0.0078s ]
SQL: SELECT `TO_ID` FROM `maizenew10kre_deletelevel` WHERE `Gene` = 'GRMZM2G112165'  [ RunTime:0.0110s ]
SQL: SELECT `TO_ID` FROM `maizenew10kre_deletelevel` WHERE `Gene` = 'GRMZM2G012584'  [ RunTime:0.0110s ]
SQL: SELECT `TO_ID` FROM `maizenew10kre_deletelevel` WHERE `Gene` = 'GRMZM2G013821'  [ RunTime:0.0111s ]
SQL: SELECT `TO_ID` FROM `maizenew10kre_deletelevel` WHERE `Gene` = 'GRMZM2G128432'  [ RunTime:0.0110s ]
SQL: SELECT `TO_ID` FROM `maizenew10kre_deletelevel` WHERE `Gene` = 'GRMZM2G168269'  [ RunTime:0.0108s ]
SQL: SELECT `Gene` FROM `maizenew10kre_deletelevel` WHERE `TO_ID` = 'TO:0000277'  [ RunTime:0.0111s ]
SQL: SELECT `Gene` FROM `maizenew10kre_deletelevel` WHERE `TO_ID` = 'TO:0000281'  [ RunTime:0.0117s ]
SQL: SELECT `Gene` FROM `maizenew10kre_deletelevel` WHERE `TO_ID` = 'TO:0000476'  [ RunTime:0.0109s ]
SQL: SELECT `Gene` FROM `maizenew10kre_deletelevel` WHERE `TO_ID` = 'TO:0000478'  [ RunTime:0.0104s ]
SQL: SELECT DISTINCT  `Gene` FROM `maizenew10kre_deletelevel`  [ RunTime:0.0472s ]
SQL: SELECT DISTINCT  `Gene` FROM `maizenew10kre_deletelevel` WHERE `TO_ID` = 'TO:0000277'  [ RunTime:0.0134s ]
SQL: SELECT DISTINCT  `Gene` FROM `maizenew10kre_deletelevel` WHERE `TO_ID` = 'TO:0000281'  [ RunTime:0.0124s ]
SQL: SELECT DISTINCT  `Gene` FROM `maizenew10kre_deletelevel` WHERE `TO_ID` = 'TO:0000476'  [ RunTime:0.0107s ]
SQL: SELECT DISTINCT  `Gene` FROM `maizenew10kre_deletelevel` WHERE `TO_ID` = 'TO:0000478'  [ RunTime:0.0106s ]
SQL: SELECT `TO_annotation` FROM `maizenew10kre_deletelevel` WHERE `TO_ID` = 'TO:0000277' LIMIT 1   [ RunTime:0.0010s ]
SQL: SELECT `TO_annotation` FROM `maizenew10kre_deletelevel` WHERE `TO_ID` = 'TO:0000281' LIMIT 1   [ RunTime:0.0009s ]
SQL: SELECT `TO_annotation` FROM `maizenew10kre_deletelevel` WHERE `TO_ID` = 'TO:0000476' LIMIT 1   [ RunTime:0.0010s ]
SQL: SELECT `TO_annotation` FROM `maizenew10kre_deletelevel` WHERE `TO_ID` = 'TO:0000478' LIMIT 1   [ RunTime:0.0011s ]

