[ 2017-11-23T15:52:03+08:00 ] ::1 /julei-10-14/
INFO: [ app_init ] --START--
INFO: Run Behavior\BuildLiteBehavior [ RunTime:0.000039s ]
INFO: [ app_init ] --END-- [ RunTime:0.002505s ]
INFO: [ app_begin ] --START--
INFO: Run Behavior\ReadHtmlCacheBehavior [ RunTime:0.000808s ]
INFO: [ app_begin ] --END-- [ RunTime:0.000990s ]
SQL: SHOW COLUMNS FROM `pageview` [ RunTime:0.4069s ]
SQL: SELECT * FROM `pageview` LIMIT 1   [ RunTime:0.0065s ]
SQL: UPDATE `pageview` SET `count`='226' WHERE ( id = 0 ) [ RunTime:0.0736s ]
INFO: [ view_parse ] --START--
INFO: [ template_filter ] --START--
INFO: Run Behavior\ContentReplaceBehavior [ RunTime:0.001255s ]
INFO: [ template_filter ] --END-- [ RunTime:0.001578s ]
INFO: Run Behavior\ParseTemplateBehavior [ RunTime:0.061300s ]
INFO: [ view_parse ] --END-- [ RunTime:0.061587s ]
INFO: [ view_filter ] --START--
INFO: Run Behavior\WriteHtmlCacheBehavior [ RunTime:0.000470s ]
INFO: [ view_filter ] --END-- [ RunTime:0.000611s ]
INFO: [ app_end ] --START--
INFO: Run Behavior\ShowPageTraceBehavior [ RunTime:0.000788s ]
INFO: [ app_end ] --END-- [ RunTime:0.001044s ]

[ 2017-11-23T15:52:46+08:00 ] ::1 /julei-10-14/?id=%271%27
INFO: [ app_init ] --START--
INFO: Run Behavior\BuildLiteBehavior [ RunTime:0.000028s ]
INFO: [ app_init ] --END-- [ RunTime:0.000430s ]
INFO: [ app_begin ] --START--
INFO: Run Behavior\ReadHtmlCacheBehavior [ RunTime:0.000455s ]
INFO: [ app_begin ] --END-- [ RunTime:0.000591s ]
SQL: SHOW COLUMNS FROM `pageview` [ RunTime:0.0118s ]
SQL: SELECT * FROM `pageview` LIMIT 1   [ RunTime:0.0002s ]
SQL: UPDATE `pageview` SET `count`='227' WHERE ( id = 0 ) [ RunTime:0.0736s ]
INFO: [ view_parse ] --START--
INFO: [ template_filter ] --START--
INFO: Run Behavior\ContentReplaceBehavior [ RunTime:0.000336s ]
INFO: [ template_filter ] --END-- [ RunTime:0.000769s ]
INFO: Run Behavior\ParseTemplateBehavior [ RunTime:0.071944s ]
INFO: [ view_parse ] --END-- [ RunTime:0.072237s ]
INFO: [ view_filter ] --START--
INFO: Run Behavior\WriteHtmlCacheBehavior [ RunTime:0.000358s ]
INFO: [ view_filter ] --END-- [ RunTime:0.000526s ]
INFO: [ app_end ] --START--
INFO: Run Behavior\ShowPageTraceBehavior [ RunTime:0.000736s ]
INFO: [ app_end ] --END-- [ RunTime:0.000954s ]

