[ 2017-11-10T10:50:05+08:00 ] ::1 /julei-10-14/
INFO: [ app_init ] --START--
INFO: Run Behavior\BuildLiteBehavior [ RunTime:0.000032s ]
INFO: [ app_init ] --END-- [ RunTime:0.012873s ]
INFO: [ app_begin ] --START--
INFO: Run Behavior\ReadHtmlCacheBehavior [ RunTime:0.017831s ]
INFO: [ app_begin ] --END-- [ RunTime:0.017996s ]
SQL: SHOW COLUMNS FROM `pageview` [ RunTime:0.0227s ]
SQL: SELECT * FROM `pageview` LIMIT 1   [ RunTime:0.0008s ]
SQL: UPDATE `pageview` SET `count`='200' WHERE ( id = 0 ) [ RunTime:0.0696s ]
INFO: [ view_parse ] --START--
INFO: [ template_filter ] --START--
INFO: Run Behavior\ContentReplaceBehavior [ RunTime:0.000101s ]
INFO: [ template_filter ] --END-- [ RunTime:0.000230s ]
INFO: Run Behavior\ParseTemplateBehavior [ RunTime:0.195546s ]
INFO: [ view_parse ] --END-- [ RunTime:0.195816s ]
INFO: [ view_filter ] --START--
INFO: Run Behavior\WriteHtmlCacheBehavior [ RunTime:0.023150s ]
INFO: [ view_filter ] --END-- [ RunTime:0.023297s ]
INFO: [ app_end ] --START--
INFO: Run Behavior\ShowPageTraceBehavior [ RunTime:0.019806s ]
INFO: [ app_end ] --END-- [ RunTime:0.019979s ]

